shishi/proguard/seeds.txt
com.myth.shishi.BaseActivity
com.myth.shishi.BaseActivity: BaseActivity()
com.myth.shishi.MyApplication
com.myth.shishi.MyApplication: MyApplication()
com.myth.shishi.activity.AboutActivity
com.myth.shishi.activity.AboutActivity: AboutActivity()
com.myth.shishi.activity.AuthorListActivity
com.myth.shishi.activity.AuthorListActivity: AuthorListActivity()
com.myth.shishi.activity.AuthorPageActivity
com.myth.shishi.activity.AuthorPageActivity: AuthorPageActivity()
com.myth.shishi.activity.AuthorSearchActivity
com.myth.shishi.activity.AuthorSearchActivity: AuthorSearchActivity()
com.myth.shishi.activity.DuiShiActivity
com.myth.shishi.activity.DuiShiActivity: DuiShiActivity()
com.myth.shishi.activity.EditActivity
com.myth.shishi.activity.EditActivity: EditActivity()
com.myth.shishi.activity.MainActivity
com.myth.shishi.activity.MainActivity: MainActivity()
com.myth.shishi.activity.PoetryActivity
com.myth.shishi.activity.PoetryActivity: PoetryActivity()
com.myth.shishi.activity.PoetrySearchActivity
com.myth.shishi.activity.PoetrySearchActivity: PoetrySearchActivity()
com.myth.shishi.activity.SettingActivity
com.myth.shishi.activity.SettingActivity: SettingActivity()
com.myth.shishi.activity.ShareActivity
com.myth.shishi.activity.ShareActivity: ShareActivity()
com.myth.shishi.activity.ShareEditActivity
com.myth.shishi.activity.ShareEditActivity: ShareEditActivity()
com.myth.shishi.activity.WebviewActivity
com.myth.shishi.activity.WebviewActivity: WebviewActivity()
com.myth.shishi.activity.YunSearchActivity
com.myth.shishi.activity.YunSearchActivity: YunSearchActivity()
com.myth.shishi.adapter.ImageAdapter
com.myth.shishi.adapter.IntroAdapter
com.myth.shishi.util.HttpUtil$req_type: com.myth.shishi.util.HttpUtil$req_type[] values()
com.myth.shishi.util.HttpUtil$req_type: com.myth.shishi.util.HttpUtil$req_type valueOf(java.lang.String)
com.myth.shishi.wiget.AuthorView
com.myth.shishi.wiget.CustomImageView
com.myth.shishi.wiget.DuishiEditView
com.myth.shishi.wiget.HorizontalListView
com.myth.shishi.wiget.HorizontalListView: HorizontalListView(android.content.Context,android.util.AttributeSet)
com.myth.shishi.wiget.IntroductionView
com.myth.shishi.wiget.MainView
com.myth.shishi.wiget.PingzeLinearlayout
com.myth.shishi.wiget.PoetryView
com.myth.shishi.wiget.ScanView
com.myth.shishi.wiget.ScanView: ScanView(android.content.Context,android.util.AttributeSet,int)
com.myth.shishi.wiget.ScanView: ScanView(android.content.Context)
com.myth.shishi.wiget.ScanView: ScanView(android.content.Context,android.util.AttributeSet)
com.myth.shishi.wiget.SelectImageView
com.myth.shishi.wiget.TouchEffectImageView
com.myth.shishi.wiget.TouchEffectImageView: TouchEffectImageView(android.content.Context,android.util.AttributeSet)
com.myth.shishi.wiget.VScrollView
com.myth.shishi.wiget.VScrollView: VScrollView(android.content.Context)
com.myth.shishi.wiget.VScrollView: VScrollView(android.content.Context,android.util.AttributeSet)
com.myth.shishi.wiget.VScrollView: VScrollView(android.content.Context,android.util.AttributeSet,int)
com.myth.shishi.wiget.VerticalTextView
com.myth.shishi.wiget.VerticalTextView: VerticalTextView(android.content.Context,android.util.AttributeSet)
com.myth.shishi.wiget.WritingView
...
android.support.v4.app.TaskStackBuilder$SupportParentable
android.support.v4.app.TaskStackBuilder$SupportParentable: android.content.Intent getSupportParentActivityIntent()
android.support.v4.app.TaskStackBuilder$TaskStackBuilderImpl
android.support.v4.app.TaskStackBuilder$TaskStackBuilderImpl: android.app.PendingIntent getPendingIntent(android.content.Context,android.content.Intent[],int,int,android.os.Bundle)
android.support.v4.app.TaskStackBuilder$TaskStackBuilderImplBase
android.support.v4.app.TaskStackBuilder$TaskStackBuilderImplBase: TaskStackBuilder$TaskStackBuilderImplBase()
android.support.v4.app.TaskStackBuilder$TaskStackBuilderImplBase: android.app.PendingIntent getPendingIntent(android.content.Context,android.content.Intent[],int,int,android.os.Bundle)
android.support.v4.app.TaskStackBuilder$TaskStackBuilderImplHoneycomb
android.support.v4.app.TaskStackBuilder$TaskStackBuilderImplHoneycomb: TaskStackBuilder$TaskStackBuilderImplHoneycomb()
android.support.v4.app.TaskStackBuilder$TaskStackBuilderImplHoneycomb: android.app.PendingIntent getPendingIntent(android.content.Context,android.content.Intent[],int,int,android.os.Bundle)
android.support.v4.app.TaskStackBuilder$TaskStackBuilderImplJellybean
android.support.v4.app.TaskStackBuilder$TaskStackBuilderImplJellybean: TaskStackBuilder$TaskStackBuilderImplJellybean()
android.support.v4.app.TaskStackBuilder$TaskStackBuilderImplJellybean: android.app.PendingIntent getPendingIntent(android.content.Context,android.content.Intent[],int,int,android.os.Bundle)
android.support.v4.app.TaskStackBuilderHoneycomb
android.support.v4.app.TaskStackBuilderHoneycomb: TaskStackBuilderHoneycomb()
android.support.v4.app.TaskStackBuilderHoneycomb: android.app.PendingIntent getActivitiesPendingIntent(android.content.Context,int,android.content.Intent[],int)
android.support.v4.app.TaskStackBuilderJellybean
android.support.v4.app.TaskStackBuilderJellybean: TaskStackBuilderJellybean()
android.support.v4.app.TaskStackBuilderJellybean: android.app.PendingIntent getActivitiesPendingIntent(android.content.Context,int,android.content.Intent[],int,android.os.Bundle)
android.support.v4.content.AsyncTaskLoader
android.support.v4.content.AsyncTaskLoader: java.lang.String TAG
android.support.v4.content.AsyncTaskLoader: boolean DEBUG
android.support.v4.content.AsyncTaskLoader: android.support.v4.content.AsyncTaskLoader$LoadTask mTask
android.support.v4.content.AsyncTaskLoader: android.support.v4.content.AsyncTaskLoader$LoadTask mCancellingTask
android.support.v4.content.AsyncTaskLoader: long mUpdateThrottle
android.support.v4.content.AsyncTaskLoader: long mLastLoadCompleteTime
android.support.v4.content.AsyncTaskLoader: android.os.Handler mHandler
android.support.v4.content.AsyncTaskLoader: AsyncTaskLoader(android.content.Context)
android.support.v4.content.AsyncTaskLoader: void setUpdateThrottle(long)
android.support.v4.content.AsyncTaskLoader: void onForceLoad()
android.support.v4.content.AsyncTaskLoader: boolean cancelLoad()
android.support.v4.content.AsyncTaskLoader: void onCanceled(java.lang.Object)
android.support.v4.content.AsyncTaskLoader: void executePendingTask()
android.support.v4.content.AsyncTaskLoader: void dispatchOnCancelled(android.support.v4.content.AsyncTaskLoader$LoadTask,java.lang.Object)
android.support.v4.content.AsyncTaskLoader: void dispatchOnLoadComplete(android.support.v4.content.AsyncTaskLoader$LoadTask,java.lang.Object)
android.support.v4.content.AsyncTaskLoader: java.lang.Object loadInBackground()
android.support.v4.content.AsyncTaskLoader: java.lang.Object onLoadInBackground()