shishi/proguard/mapping.txt
com.myth.shishi.BaseActivity -> com.myth.shishi.BaseActivity:
    android.app.Activity mActivity -> a
    android.widget.FrameLayout mContentLayout -> b
    android.widget.FrameLayout mBottomLayout -> c
    int statusBarHeight -> d
    void onCreate(android.os.Bundle) -> onCreate
    int getStatusBarHeight(android.content.Context) -> a
    void onPause() -> onPause
    void onResume() -> onResume
    android.widget.ImageView getBottomLeftView() -> a
    void setBottomGone() -> b
    void setBottomVisible() -> c
    void addBottomRightView(android.view.View,android.view.ViewGroup$LayoutParams) -> a
    void addBottomCenterView(android.view.View,android.view.ViewGroup$LayoutParams) -> b
    void setContentView(int) -> setContentView
com.myth.shishi.BaseActivity$1 -> com.myth.shishi.a:
    com.myth.shishi.BaseActivity this$0 -> a
    void onClick(android.view.View) -> onClick
com.myth.shishi.MyApplication -> com.myth.shishi.MyApplication:
    android.graphics.Typeface typeface -> a
    java.lang.String[] TypefaceString -> b
    int[] bgimgList -> c
    int[] bgSmallimgList -> d
    void onCreate() -> onCreate
    void setTypeface(android.content.Context,int) -> a
    void setDefaultTypeface(android.content.Context,int) -> b
    int getDefaulTypeface(android.content.Context) -> a
    boolean getDefaulListType(android.content.Context) -> b
    void setDefaultListType(android.content.Context,boolean) -> a
    boolean getCheckAble(android.content.Context) -> c
    void setCheckAble(android.content.Context,boolean) -> b
    int getDefaultDynasty(android.content.Context) -> d
    void setDefaultDynasty(android.content.Context,int) -> c
    int getDefaultTextSize(android.content.Context) -> e
    void setDefaultTextSize(android.content.Context,int) -> d
    int getDefaultShareSize(android.content.Context) -> f
    void setDefaultShareSize(android.content.Context,int) -> e
    boolean getDefaultShareGravity(android.content.Context) -> g
    void setDefaultShareGravity(android.content.Context,boolean) -> c
    int getDefaultSharePadding(android.content.Context) -> h
    void setDefaultSharePadding(android.content.Context,int) -> f
com.myth.shishi.activity.AboutActivity -> com.myth.shishi.activity.AboutActivity:
    void onCreate(android.os.Bundle) -> onCreate
com.myth.shishi.activity.AuthorListActivity -> com.myth.shishi.activity.AuthorListActivity:
    android.support.v7.widget.RecyclerView listview -> f
    java.util.ArrayList aList -> g
    boolean isDefault -> h
    com.myth.shishi.adapter.AuthorListAdapter adapter -> i
    android.widget.TextView rectLeft -> d
    android.widget.TextView rectRight -> e
    void onCreate(android.os.Bundle) -> onCreate
    void initView() -> d
    void addView() -> e
    void setBackground() -> f
    android.app.Activity access$0(com.myth.shishi.activity.AuthorListActivity) -> a
    void access$1(com.myth.shishi.activity.AuthorListActivity) -> b
    void access$2(com.myth.shishi.activity.AuthorListActivity) -> c
    boolean access$3(com.myth.shishi.activity.AuthorListActivity) -> d
    void access$4(com.myth.shishi.activity.AuthorListActivity,boolean) -> a
com.myth.shishi.activity.AuthorListActivity$1 -> com.myth.shishi.activity.a:
    com.myth.shishi.activity.AuthorListActivity this$0 -> a
    void onClick(android.view.View) -> onClick
    com.myth.shishi.activity.AuthorListActivity access$0(com.myth.shishi.activity.AuthorListActivity$1) -> a
com.myth.shishi.activity.AuthorListActivity$1$1 -> com.myth.shishi.activity.b:
    com.myth.shishi.activity.AuthorListActivity$1 this$1 -> a
    void onClick(android.content.DialogInterface,int) -> onClick
com.myth.shishi.activity.AuthorListActivity$2 -> com.myth.shishi.activity.c:
    com.myth.shishi.activity.AuthorListActivity this$0 -> a
    void onClick(android.view.View) -> onClick
...
android.support.v4.app.ActionBarDrawerToggleJellybeanMR2 -> android.support.v4.app.ActionBarDrawerToggleJellybeanMR2:
    java.lang.String TAG -> TAG
    int[] THEME_ATTRS -> THEME_ATTRS
    java.lang.Object setActionBarUpIndicator(java.lang.Object,android.app.Activity,android.graphics.drawable.Drawable,int) -> setActionBarUpIndicator
    java.lang.Object setActionBarDescription(java.lang.Object,android.app.Activity,int) -> setActionBarDescription
    android.graphics.drawable.Drawable getThemeUpIndicator(android.app.Activity) -> getThemeUpIndicator
android.support.v4.app.ActivityCompat -> android.support.v4.app.ActivityCompat:
    boolean invalidateOptionsMenu(android.app.Activity) -> invalidateOptionsMenu
    void startActivity(android.app.Activity,android.content.Intent,android.os.Bundle) -> startActivity
    void startActivityForResult(android.app.Activity,android.content.Intent,int,android.os.Bundle) -> startActivityForResult
    void finishAffinity(android.app.Activity) -> finishAffinity
    void finishAfterTransition(android.app.Activity) -> finishAfterTransition
    void setEnterSharedElementCallback(android.app.Activity,android.support.v4.app.SharedElementCallback) -> setEnterSharedElementCallback
    void setExitSharedElementCallback(android.app.Activity,android.support.v4.app.SharedElementCallback) -> setExitSharedElementCallback
    void postponeEnterTransition(android.app.Activity) -> postponeEnterTransition
    void startPostponedEnterTransition(android.app.Activity) -> startPostponedEnterTransition
    android.support.v4.app.ActivityCompat21$SharedElementCallback21 createCallback(android.support.v4.app.SharedElementCallback) -> createCallback
android.support.v4.app.ActivityCompat$SharedElementCallback21Impl -> android.support.v4.app.ActivityCompat$SharedElementCallback21Impl:
    android.support.v4.app.SharedElementCallback mCallback -> mCallback
    void onSharedElementStart(java.util.List,java.util.List,java.util.List) -> onSharedElementStart
    void onSharedElementEnd(java.util.List,java.util.List,java.util.List) -> onSharedElementEnd
    void onRejectSharedElements(java.util.List) -> onRejectSharedElements
    void onMapSharedElements(java.util.List,java.util.Map) -> onMapSharedElements
    android.os.Parcelable onCaptureSharedElementSnapshot(android.view.View,android.graphics.Matrix,android.graphics.RectF) -> onCaptureSharedElementSnapshot
    android.view.View onCreateSnapshotView(android.content.Context,android.os.Parcelable) -> onCreateSnapshotView
android.support.v4.app.ActivityCompat21 -> android.support.v4.app.ActivityCompat21:
    void finishAfterTransition(android.app.Activity) -> finishAfterTransition
    void setEnterSharedElementCallback(android.app.Activity,android.support.v4.app.ActivityCompat21$SharedElementCallback21) -> setEnterSharedElementCallback
    void setExitSharedElementCallback(android.app.Activity,android.support.v4.app.ActivityCompat21$SharedElementCallback21) -> setExitSharedElementCallback
    void postponeEnterTransition(android.app.Activity) -> postponeEnterTransition
    void startPostponedEnterTransition(android.app.Activity) -> startPostponedEnterTransition
    android.app.SharedElementCallback createCallback(android.support.v4.app.ActivityCompat21$SharedElementCallback21) -> createCallback