shishi/proguard/usage.txt
com.myth.shishi.BaseActivity:
    135:136:protected void addBottomCenterView(android.view.View)
com.myth.shishi.BuildConfig
com.myth.shishi.MyApplication:
    private static java.util.List colorList
    39:53:public static com.myth.shishi.entity.ColorEntity getColorByPos(int)
com.myth.shishi.R
com.myth.shishi.R$anim
com.myth.shishi.R$attr
com.myth.shishi.R$color
com.myth.shishi.R$dimen
com.myth.shishi.R$drawable
com.myth.shishi.R$id
com.myth.shishi.R$layout
com.myth.shishi.R$raw
com.myth.shishi.R$string
com.myth.shishi.R$style
com.myth.shishi.R$styleable
com.myth.shishi.activity.AuthorListActivity:
    159:174:public void doIt()
com.myth.shishi.activity.DuiShiActivity:
    private static final java.lang.String URL
    private static final int LOAD_SUCCESS
    private static final int LOAD_FAILED
    private static final int LOAD_SUCCESS_RE
com.myth.shishi.activity.MainActivity:
    150:157:public void doIt()
com.myth.shishi.activity.MainActivity$MyPagerAdapter:
    220:220:public java.util.ArrayList getWritings()
com.myth.shishi.activity.ShareEditActivity:
    private com.myth.shishi.entity.Former former
com.myth.shishi.adapter.AuthorAdapter$ViewHolder:
    64:65:public void setMyListener(com.myth.shishi.listener.MyListener)
com.myth.shishi.adapter.AuthorListAdapter$ViewHolder:
    android.widget.TextView name
    android.widget.TextView tag
com.myth.shishi.adapter.DuiShiAdapter:
    96:97:public void setMyListener(com.myth.shishi.listener.MyListener)
com.myth.shishi.adapter.DuiShiAdapter$ViewHolder:
    59:60:public void setMyListener(com.myth.shishi.listener.MyListener)
com.myth.shishi.adapter.PoetryAdapter$ViewHolder:
    65:66:public void setMyListener(com.myth.shishi.listener.MyListener)
com.myth.shishi.db.AuthorDatabaseHelper:
    11:11:public AuthorDatabaseHelper()
    24:26:public static void update(java.lang.String,int)
com.myth.shishi.db.ColorDatabaseHelper
com.myth.shishi.db.DBManager:
    private static final int BUFFER_SIZE
    public static final java.lang.String DB_NAME
    public static final java.lang.String PACKAGE_NAME
    public static final int DB_VERSION
    16:16:public DBManager()
com.myth.shishi.db.DynastyDatabaseHelper:
    8:8:public DynastyDatabaseHelper()
    17:20:public static java.util.ArrayList getAll()
    26:31:private static java.util.ArrayList getDynastyListFromCursor(android.database.Cursor)
com.myth.shishi.db.FormerDatabaseHelper:
    11:11:public FormerDatabaseHelper()
com.myth.shishi.db.PoetryDatabaseHelper:
    11:11:public PoetryDatabaseHelper()
com.myth.shishi.db.WritingDatabaseHelper:
    11:11:public WritingDatabaseHelper()
com.myth.shishi.db.YunDatabaseHelper:
    14:14:public YunDatabaseHelper()
com.myth.shishi.entity.Author:
    private static final long serialVersionUID
com.myth.shishi.entity.Ci
com.myth.shishi.entity.Cipai
com.myth.shishi.entity.ColorEntity
com.myth.shishi.entity.Dynasty
com.myth.shishi.entity.Former:
    private static final long serialVersionUID
com.myth.shishi.entity.Poetry:
    private static final long serialVersionUID
com.myth.shishi.entity.Writing:
    private static final long serialVersionUID
    private int layout
    89:89:public int getLayout()
    94:95:public void setLayout(int)
com.myth.shishi.fragment.ChangePictureFragment:
    private static final int REQUEST_PICK_IMG
com.myth.shishi.util.CheckUtils:
    12:12:public CheckUtils()
    84:129:public static java.lang.String[] getCodeFormPingze(java.lang.String[])
...
android.support.v7.widget.RecyclerView$RecycledViewPool:
    private static final int DEFAULT_MAX_SCRAP
    2315:2322:public void setMaxRecycledViews(int,int)
    2350:2351:void attach(android.support.v7.widget.RecyclerView$Adapter)
    2354:2355:void detach()
android.support.v7.widget.RecyclerView$Recycler:
    private static final int DEFAULT_CACHE_SIZE
    2419:2423:public void setViewCacheSize(int)
    2822:2829:void setRecycledViewPool(android.support.v7.widget.RecyclerView$RecycledViewPool)
    2851:2863:android.support.v7.widget.RecyclerView$ViewHolder findViewHolderForItemId(long)
android.support.v7.widget.RecyclerView$RecyclerViewDataObserver:
    2288:2289:public void onItemRangeChanged(int,int)
    2293:2294:public void onItemRangeInserted(int,int)
    2298:2299:public void onItemRangeRemoved(int,int)
android.support.v7.widget.RecyclerView$SmoothScroller:
    5037:5039:public RecyclerView$SmoothScroller()
    5054:5065:void start(android.support.v7.widget.RecyclerView,android.support.v7.widget.RecyclerView$LayoutManager)
    5068:5069:public void setTargetPosition(int)
    5170:5170:public android.view.View findViewByPosition(int)
    protected abstract void onStart()
android.support.v7.widget.RecyclerView$SmoothScroller$Action:
    public static final int UNDEFINED_DURATION
    5263:5264:public RecyclerView$SmoothScroller$Action(int,int)
    5272:5273:public RecyclerView$SmoothScroller$Action(int,int,int)
    5282:5287:public RecyclerView$SmoothScroller$Action(int,int,int,android.view.animation.Interpolator)
    5323:5323:public int getDx()
    5327:5329:public void setDx(int)
    5332:5332:public int getDy()
    5336:5338:public void setDy(int)
    5341:5341:public int getDuration()
    5345:5347:public void setDuration(int)
    5350:5350:public android.view.animation.Interpolator getInterpolator()
    5360:5362:public void setInterpolator(android.view.animation.Interpolator)
android.support.v7.widget.RecyclerView$State:
    private android.util.SparseArray mData
    5511:5517:android.support.v7.widget.RecyclerView$State reset()
    5530:5534:public void remove(int)
    5545:5548:public java.lang.Object get(int)
    5560:5564:public void put(int,java.lang.Object)
    5591:5591:public boolean didStructureChange()
android.support.v7.widget.RecyclerView$UpdateOp:
    public static final int ADD
    public static final int REMOVE
    public static final int UPDATE
    static final int POOL_SIZE
    4898:4902:public RecyclerView$UpdateOp(int,int,int)
android.support.v7.widget.RecyclerView$ViewHolder:
    static final int FLAG_BOUND
    static final int FLAG_UPDATE
    static final int FLAG_INVALID
    static final int FLAG_REMOVED
    static final int FLAG_NOT_RECYCLABLE
com.google.gson.DefaultDateTypeAdapter
com.google.gson.FieldAttributes:
    53:53:public java.lang.Class getDeclaringClass()
    60:60:public java.lang.String getName()
    80:80:public java.lang.reflect.Type getDeclaredType()
    100:100:public java.lang.Class getDeclaredClass()
    111:111:public java.lang.annotation.Annotation getAnnotation(java.lang.Class)
    121:121:public java.util.Collection getAnnotations()
    135:135:public boolean hasModifier(int)
    146:146:java.lang.Object get(java.lang.Object)
    155:155:boolean isSynthetic()
com.google.gson.Gson:
    static final boolean DEFAULT_JSON_NON_EXECUTABLE
    private static final java.lang.String JSON_NON_EXECUTABLE_PREFIX
    469:472:public com.google.gson.JsonElement toJsonTree(java.lang.Object)
    492:494:public com.google.gson.JsonElement toJsonTree(java.lang.Object,java.lang.reflect.Type)
    553:558:public void toJson(java.lang.Object,java.lang.Appendable)
    747:750:public java.lang.Object fromJson(java.io.Reader,java.lang.Class)
    848:849:public java.lang.Object fromJson(com.google.gson.JsonElement,java.lang.Class)
    872:875:public java.lang.Object fromJson(com.google.gson.JsonElement,java.lang.reflect.Type)